\BOOKMARK [1][-]{section.0.1}{\376\377\000I\000n\000t\000r\000o\000d\000u\000c\000t\000i\000o\000n}{}% 1
\BOOKMARK [1][-]{section.0.2}{\376\377\000T\000e\000s\000t\000i\000n\000g\000\040\000t\000h\000e\000o\000r\000y}{}% 2
\BOOKMARK [2][-]{subsection.0.2.1}{\376\377\000S\000t\000a\000t\000i\000s\000t\000i\000c\000a\000l\000\040\000t\000e\000s\000t}{section.0.2}% 3
\BOOKMARK [2][-]{subsection.0.2.2}{\376\377\000C\000o\000n\000f\000i\000d\000e\000n\000c\000e\000\040\000I\000n\000t\000e\000r\000v\000a\000l}{section.0.2}% 4
\BOOKMARK [2][-]{subsection.0.2.3}{\376\377\000g\000e\000n\000e\000r\000a\000l\000\040\000l\000i\000n\000e\000a\000r\000\040\000t\000e\000s\000t\000\040\000p\000r\000o\000b\000l\000e\000m}{section.0.2}% 5
\BOOKMARK [2][-]{subsection.0.2.4}{\376\377\000A\000p\000p\000l\000i\000c\000a\000t\000i\000o\000n\000:\000\040\000A\000n\000a\000l\000y\000s\000i\000s\000\040\000o\000f\000\040\000V\000a\000r\000i\000a\000n\000c\000e}{section.0.2}% 6
\BOOKMARK [1][-]{section.0.3}{\376\377\000M\000e\000t\000h\000o\000d\000\040\000O\000f\000\040\000M\000o\000m\000e\000n\000t\000s}{}% 7
\BOOKMARK [2][-]{subsection.0.3.1}{\376\377\000C\000r\000a\000m\000e\000r\000-\000R\000a\000o\000\040\000I\000n\000e\000q\000u\000a\000l\000i\000t\000y}{section.0.3}% 8
\BOOKMARK [2][-]{subsection.0.3.2}{\376\377\000R\000-\000E\000f\000f\000i\000c\000i\000e\000n\000c\000y\000\040\000a\000n\000d\000\040\000C\000r\000a\000m\000e\000r\000-\000R\000a\000o\000\040\000I\000n\000e\000q\000u\000a\000l\000i\000t\000y\000\040\000i\000n\000\040\000t\000h\000e\000\040\000m\000u\000l\000t\000i\000v\000a\000r\000i\000a\000t\000e\000\040\000c\000a\000s\000e\000s}{section.0.3}% 9
\BOOKMARK [1][-]{section.0.4}{\376\377\000L\000i\000n\000e\000a\000r\000\040\000R\000e\000g\000r\000e\000s\000s\000i\000o\000n\000\040\000E\000s\000t\000i\000m\000a\000t\000i\000o\000n}{}% 10
\BOOKMARK [2][-]{subsection.0.4.1}{\376\377\000T\000h\000e\000\040\000M\000a\000x\000i\000m\000u\000m\000-\000L\000i\000k\000e\000l\000i\000h\000o\000o\000d\000\040\000E\000s\000t\000i\000m\000a\000t\000o\000r}{section.0.4}% 11
\BOOKMARK [2][-]{subsection.0.4.2}{\376\377\000T\000h\000e\000\040\000S\000t\000a\000n\000d\000a\000r\000d\000\040\000L\000i\000n\000e\000a\000r\000\040\000M\000o\000d\000e\000l}{section.0.4}% 12
\BOOKMARK [2][-]{subsection.0.4.3}{\376\377\000R\000e\000g\000u\000l\000a\000r\000i\000z\000a\000t\000i\000o\000n\000\040\000o\000f\000\040\000l\000i\000n\000e\000a\000r\000\040\000m\000o\000d\000e\000l\000s}{section.0.4}% 13
\BOOKMARK [2][-]{subsection.0.4.4}{\376\377\000I\000n\000f\000e\000r\000e\000n\000c\000e\000\040\000U\000n\000d\000e\000r\000\040\000N\000o\000r\000m\000a\000l\000\040\000D\000i\000s\000t\000r\000i\000b\000u\000t\000i\000o\000n}{section.0.4}% 14
\BOOKMARK [2][-]{subsection.0.4.5}{\376\377\000A\000n\000a\000l\000y\000s\000i\000s\000\040\000O\000f\000\040\000V\000a\000r\000i\000a\000n\000c\000e}{section.0.4}% 15
\BOOKMARK [1][-]{section.0.5}{\376\377\000G\000e\000n\000e\000r\000a\000l\000i\000s\000e\000d\000\040\000L\000i\000n\000e\000a\000r\000\040\000M\000o\000d\000e\000l}{}% 16
\BOOKMARK [2][-]{subsection.0.5.1}{\376\377\000G\000e\000n\000e\000r\000a\000l\000i\000z\000e\000d\000\040\000l\000i\000n\000e\000a\000r\000\040\000M\000o\000d\000e\000l}{section.0.5}% 17
\BOOKMARK [2][-]{subsection.0.5.2}{\376\377\000C\000a\000n\000o\000n\000i\000c\000a\000l\000\040\000p\000a\000r\000a\000m\000e\000t\000r\000i\000s\000a\000t\000i\000o\000n}{section.0.5}% 18
\BOOKMARK [1][-]{section.0.6}{\376\377\000B\000a\000y\000e\000s\000i\000a\000n\000\040\000e\000s\000t\000i\000m\000a\000t\000i\000o\000n}{}% 19
\BOOKMARK [2][-]{subsection.0.6.1}{\376\377\000T\000h\000e\000\040\000B\000a\000y\000e\000s\000\040\000F\000o\000r\000m\000u\000l\000a}{section.0.6}% 20
\BOOKMARK [2][-]{subsection.0.6.2}{\376\377\000C\000o\000n\000j\000u\000g\000a\000t\000e\000d\000\040\000p\000r\000i\000o\000r\000s}{section.0.6}% 21
\BOOKMARK [2][-]{subsection.0.6.3}{\376\377\000L\000i\000n\000e\000a\000r\000\040\000G\000a\000u\000s\000s\000i\000a\000n\000\040\000m\000o\000d\000e\000l\000\040\000a\000n\000d\000\040\000G\000a\000u\000s\000s\000i\000a\000n\000\040\000p\000r\000i\000o\000r\000s}{section.0.6}% 22
\BOOKMARK [2][-]{subsection.0.6.4}{\376\377\000B\000a\000y\000e\000s\000\040\000r\000i\000s\000k\000\040\000a\000n\000d\000\040\000p\000o\000s\000t\000e\000r\000i\000o\000r\000\040\000m\000e\000a\000n}{section.0.6}% 23
\BOOKMARK [1][-]{section.0.7}{\376\377\000M\000o\000d\000e\000l\000\040\000s\000e\000l\000e\000c\000t\000i\000o\000n}{}% 24
\BOOKMARK [2][-]{subsection.0.7.1}{\376\377\000A\000I\000C}{section.0.7}% 25
\BOOKMARK [2][-]{subsection.0.7.2}{\376\377\000B\000I\000C\000\040\000\050\000B\000a\000y\000e\000s\000'\000\040\000I\000n\000f\000o\000r\000m\000a\000t\000i\000o\000n\000\040\000c\000r\000i\000t\000e\000r\000i\000o\000n\000\051}{section.0.7}% 26
\BOOKMARK [2][-]{subsection.0.7.3}{\376\377\000L\000A\000S\000S\000O}{section.0.7}% 27
\BOOKMARK [2][-]{subsection.0.7.4}{\376\377\000P\000e\000n\000a\000l\000i\000s\000e\000d\000\040\000L\000e\000a\000s\000t\000\040\000S\000q\000u\000a\000r\000e\000\040\000E\000r\000r\000o\000r\000\040\000M\000e\000t\000h\000o\000d}{section.0.7}% 28
\BOOKMARK [1][-]{section.0.8}{\376\377\000C\000l\000a\000s\000s\000i\000f\000i\000c\000a\000t\000i\000o\000n}{}% 29
\BOOKMARK [2][-]{subsection.0.8.1}{\376\377\000B\000a\000y\000e\000s\000-\000c\000l\000a\000s\000s\000i\000f\000i\000e\000r}{section.0.8}% 30
\BOOKMARK [2][-]{subsection.0.8.2}{\376\377\000k\000-\000N\000N\000-\000C\000l\000a\000s\000s\000i\000f\000i\000e\000r}{section.0.8}% 31
\BOOKMARK [2][-]{subsection.0.8.3}{\376\377\000E\000R\000M\000-\000P\000r\000i\000n\000c\000i\000p\000l\000e}{section.0.8}% 32
\BOOKMARK [2][-]{subsection.0.8.4}{\376\377\000S\000u\000p\000p\000o\000r\000t\000i\000n\000g\000\040\000V\000e\000c\000t\000o\000r\000\040\000M\000a\000c\000h\000i\000n\000e\000s\000\050\000S\000V\000M\000\051}{section.0.8}% 33
\BOOKMARK [2][-]{subsection.0.8.5}{\376\377\000L\000D\000A\000\040\000a\000n\000d\000\040\000l\000o\000g\000i\000s\000t\000i\000c\000\040\000R\000e\000g\000r\000e\000s\000s\000i\000o\000n}{section.0.8}% 34
\BOOKMARK [1][-]{section.0.9}{\376\377\000P\000C\000A}{}% 35
\BOOKMARK [2][-]{subsection.0.9.1}{\376\377\000E\000l\000e\000m\000e\000n\000t\000a\000r\000y\000:\000\040\000P\000r\000o\000j\000e\000c\000t\000i\000o\000n\000\040\000i\000n\000\040\000H\000i\000l\000b\000e\000r\000t\000\040\000S\000p\000a\000c\000e}{section.0.9}% 36
\BOOKMARK [2][-]{subsection.0.9.2}{\376\377\000G\000e\000n\000e\000r\000a\000l\000i\000s\000a\000t\000i\000o\000n\000\040\000e\000r\000r\000o\000r\000\040\000o\000f\000\040\000P\000C\000A}{section.0.9}% 37
\BOOKMARK [1][-]{section.0.10}{\376\377\000K\000e\000r\000n\000e\000l\000\040\000M\000e\000t\000h\000o\000d}{}% 38
\BOOKMARK [2][-]{subsection.0.10.1}{\376\377\000r\000e\000p\000r\000o\000d\000u\000c\000i\000n\000g\000\040\000k\000e\000r\000n\000e\000l\000\040\000H\000i\000l\000b\000e\000r\000t\000\040\000s\000p\000a\000c\000e}{section.0.10}% 39
\BOOKMARK [1][-]{section.0.11}{\376\377\000T\000e\000c\000h\000n\000i\000q\000u\000e}{}% 40
\BOOKMARK [0][-]{chapter.1}{\376\377\000H\000i\000g\000h\000-\000d\000i\000m\000e\000n\000s\000i\000o\000n\000a\000l\000\040\000s\000t\000a\000t\000i\000s\000t\000i\000c\000s}{}% 41
\BOOKMARK [1][-]{section.1.1}{\376\377\000S\000p\000a\000r\000s\000e\000\040\000R\000e\000c\000o\000v\000e\000r\000y}{chapter.1}% 42
\BOOKMARK [2][-]{subsection.1.1.1}{\376\377\000T\000h\000e\000\040\000l\000i\000n\000e\000a\000r\000\040\000m\000o\000d\000e\000l\000\040\000i\000n\000\040\000h\000i\000g\000h\000e\000r\000\040\000d\000i\000m\000e\000n\000s\000i\000o\000n\000s}{section.1.1}% 43
\BOOKMARK [2][-]{subsection.1.1.2}{\376\377\000C\000o\000n\000c\000e\000n\000t\000r\000a\000t\000i\000o\000n\000\040\000I\000n\000e\000q\000u\000a\000l\000i\000t\000y}{section.1.1}% 44
\BOOKMARK [2][-]{subsection.1.1.3}{\376\377\000R\000e\000s\000t\000r\000i\000c\000t\000e\000d\000\040\000I\000s\000o\000m\000e\000t\000r\000y\000\040\000P\000r\000o\000p\000e\000r\000t\000y\000\040\000f\000o\000r\000\040\000r\000a\000n\000d\000o\000m\000\040\000m\000a\000t\000r\000i\000c\000e\000s}{section.1.1}% 45
\BOOKMARK [1][-]{section.1.2}{\376\377\000C\000o\000v\000a\000r\000i\000a\000n\000c\000e\000\040\000e\000s\000t\000i\000m\000a\000t\000i\000o\000n\000\040\000a\000n\000d\000\040\000s\000p\000a\000r\000s\000e\000\040\000P\000C\000A}{chapter.1}% 46
\BOOKMARK [2][-]{subsection.1.2.1}{\376\377\000C\000o\000v\000a\000r\000i\000a\000n\000c\000e\000\040\000m\000a\000t\000r\000i\000c\000e\000s\000\040\000i\000n\000\040\000h\000i\000g\000h\000e\000r\000\040\000d\000i\000m\000e\000n\000s\000i\000o\000n}{section.1.2}% 47
\BOOKMARK [2][-]{subsection.1.2.2}{\376\377\000E\000s\000t\000i\000m\000a\000t\000i\000o\000n\000\040\000o\000f\000\040\000t\000h\000e\000\040\000C\000o\000v\000a\000r\000i\000a\000n\000c\000e\000\040\000m\000a\000t\000r\000i\000x}{section.1.2}% 48
\BOOKMARK [2][-]{subsection.1.2.3}{\376\377\000I\000n\000e\000q\000u\000a\000l\000i\000t\000y\000\040\000o\000f\000\040\000e\000i\000g\000e\000n\000v\000a\000l\000u\000e\000\040\000a\000n\000d\000\040\000e\000i\000g\000e\000n\000v\000e\000c\000t\000o\000r\000s}{section.1.2}% 49
\BOOKMARK [2][-]{subsection.1.2.4}{\376\377\000S\000p\000a\000r\000s\000e\000\040\000P\000C\000A\000\040\000a\000n\000d\000\040\000s\000p\000a\000r\000s\000e\000\040\000c\000l\000u\000s\000t\000e\000r\000i\000n\000g}{section.1.2}% 50
\BOOKMARK [1][-]{section.1.3}{\376\377\000T\000h\000e\000\040\000m\000i\000n\000i\000m\000a\000x\000\040\000l\000o\000w\000e\000r\000\040\000b\000o\000u\000n\000d}{chapter.1}% 51
\BOOKMARK [0][-]{chapter.2}{\376\377\000N\000o\000t\000\040\000i\000m\000p\000o\000r\000t\000a\000n\000t}{}% 52
\BOOKMARK [1][-]{subsection.2.0.1}{\376\377\000r\000e\000g\000r\000e\000s\000s\000i\000o\000n\000\040\000m\000o\000d\000e\000l\000s}{chapter.2}% 53
