\BOOKMARK [0][-]{chapter.1}{\376\377\000S\000t\000o\000c\000h\000a\000s\000t\000i\000c\000\040\000I}{}% 1
\BOOKMARK [1][-]{section.1.1}{\376\377\000P\000r\000o\000b\000a\000b\000i\000l\000i\000t\000y\000\040\000D\000i\000s\000t\000r\000i\000b\000u\000t\000i\000o\000n}{chapter.1}% 2
\BOOKMARK [1][-]{section.1.2}{\376\377\000I\000n\000t\000e\000g\000r\000a\000t\000i\000o\000n\000\040\000w\000i\000t\000h\000\040\000R\000e\000s\000p\000e\000c\000t\000\040\000t\000o\000\040\000p\000r\000o\000b\000a\000b\000i\000l\000i\000t\000y\000\040\000m\000e\000a\000s\000u\000r\000e}{chapter.1}% 3
\BOOKMARK [1][-]{section.1.3}{\376\377\000T\000e\000r\000m\000i\000n\000a\000l\000\040\000-\000a\000l\000g\000e\000b\000r\000a\000\040\000a\000n\000d\000\040\000i\000n\000d\000e\000p\000e\000n\000d\000e\000n\000c\000e}{chapter.1}% 4
\BOOKMARK [2][-]{subsection.1.3.1}{\376\377\000B\000o\000r\000e\000l\000-\000C\000a\000n\000t\000e\000l\000l\000i}{section.1.3}% 5
\BOOKMARK [2][-]{subsection.1.3.2}{\376\377\000K\000o\000l\000m\000o\000g\000o\000r\000o\000v\000\040\0000\000-\0001\000\040\000L\000a\000w}{section.1.3}% 6
\BOOKMARK [2][-]{subsection.1.3.3}{\376\377\000I\000n\000d\000e\000p\000e\000n\000d\000e\000n\000c\000e\000,\000\040\000D\000i\000s\000t\000r\000i\000b\000u\000t\000i\000o\000n\000\040\000a\000n\000d\000\040\000E\000x\000p\000e\000c\000t\000a\000t\000i\000o\000n}{section.1.3}% 7
\BOOKMARK [1][-]{section.1.4}{\376\377\000C\000o\000n\000v\000e\000r\000g\000e\000n\000c\000e\000\040\000C\000o\000n\000c\000e\000p\000t\000\040\000o\000f\000\040\000R\000a\000n\000d\000o\000m\000\040\000V\000a\000r\000i\000a\000b\000l\000e\000s}{chapter.1}% 8
\BOOKMARK [1][-]{section.1.5}{\376\377\000L\000a\000w\000\040\000o\000f\000\040\000L\000a\000r\000g\000e\000\040\000N\000u\000m\000b\000e\000r\000s}{chapter.1}% 9
\BOOKMARK [1][-]{section.1.6}{\376\377\000C\000e\000n\000t\000r\000a\000l\000\040\000L\000i\000m\000i\000t\000\040\000T\000h\000e\000o\000r\000y}{chapter.1}% 10
\BOOKMARK [2][-]{subsection.1.6.1}{\376\377\000C\000h\000a\000r\000a\000c\000t\000e\000r\000i\000s\000t\000i\000c\000\040\000f\000u\000n\000c\000t\000i\000o\000n\000s}{section.1.6}% 11
\BOOKMARK [1][-]{section.1.7}{\376\377\000T\000h\000e\000\040\000G\000a\000u\000s\000s\000i\000a\000n\000\040\000R\000a\000n\000d\000o\000m\000\040\000v\000a\000r\000i\000a\000b\000l\000e}{chapter.1}% 12
\BOOKMARK [1][-]{section.1.8}{\376\377\000W\000e\000a\000k\000\040\000C\000o\000n\000v\000e\000r\000g\000e\000n\000c\000e}{chapter.1}% 13
\BOOKMARK [0][-]{chapter.2}{\376\377\000D\000i\000s\000c\000r\000e\000t\000e\000\040\000S\000t\000o\000c\000h\000a\000s\000t\000i\000c\000\040\000P\000r\000o\000c\000e\000s\000s}{}% 14
\BOOKMARK [1][-]{section.2.1}{\376\377\000T\000h\000e\000\040\000C\000o\000n\000d\000i\000t\000i\000o\000n\000a\000l\000\040\000E\000x\000p\000e\000c\000t\000a\000t\000i\000o\000n}{chapter.2}% 15
\BOOKMARK [2][-]{subsection.2.1.1}{\376\377\000C\000o\000n\000s\000t\000r\000u\000c\000t\000i\000o\000n\000\040\000a\000n\000d\000\040\000P\000r\000o\000p\000e\000r\000t\000i\000e\000s}{section.2.1}% 16
\BOOKMARK [2][-]{subsection.2.1.2}{\376\377\000R\000e\000g\000u\000l\000a\000r\000\040\000C\000o\000n\000d\000i\000t\000i\000o\000n\000a\000l\000\040\000P\000r\000o\000b\000a\000b\000i\000l\000i\000t\000y}{section.2.1}% 17
\BOOKMARK [1][-]{section.2.2}{\376\377\000M\000a\000r\000t\000i\000n\000g\000a\000l\000e\000\040\000T\000h\000e\000o\000r\000y}{chapter.2}% 18
\BOOKMARK [2][-]{subsection.2.2.1}{\376\377\000I\000n\000t\000r\000o\000d\000u\000c\000t\000i\000o\000n}{section.2.2}% 19
\BOOKMARK [2][-]{subsection.2.2.2}{\376\377\000D\000e\000f\000i\000n\000i\000t\000i\000o\000n\000\040\000a\000n\000d\000\040\000P\000r\000o\000p\000e\000r\000t\000i\000e\000s}{section.2.2}% 20
\BOOKMARK [2][-]{subsection.2.2.3}{\376\377\000S\000t\000o\000p\000p\000i\000n\000g\000\040\000T\000i\000m\000e\000s}{section.2.2}% 21
\BOOKMARK [2][-]{subsection.2.2.4}{\376\377\000M\000a\000r\000t\000i\000n\000g\000a\000l\000e\000\040\000I\000n\000e\000q\000u\000a\000l\000i\000t\000i\000e\000s}{section.2.2}% 22
\BOOKMARK [2][-]{subsection.2.2.5}{\376\377\000M\000a\000r\000t\000i\000n\000g\000a\000l\000e\000\040\000C\000o\000n\000v\000e\000r\000g\000e\000n\000c\000e\000\040\000t\000h\000e\000o\000r\000e\000m}{section.2.2}% 23
\BOOKMARK [2][-]{subsection.2.2.6}{\376\377\000B\000a\000c\000k\000w\000a\000r\000d\000s\000\040\000m\000a\000r\000t\000i\000n\000g\000a\000l\000e\000s}{section.2.2}% 24
\BOOKMARK [2][-]{subsection.2.2.7}{\376\377\000T\000h\000e\000\040\000R\000a\000d\000o\000n\000-\000N\000i\000k\000o\000d\000y\000m\000\040\000T\000h\000e\000o\000r\000e\000m}{section.2.2}% 25
\BOOKMARK [1][-]{section.2.3}{\376\377\000M\000a\000r\000k\000o\000v\000\040\000c\000h\000a\000i\000n\000s}{chapter.2}% 26
\BOOKMARK [2][-]{subsection.2.3.1}{\376\377\000I\000n\000t\000r\000o\000d\000u\000c\000t\000i\000o\000n}{section.2.3}% 27
\BOOKMARK [2][-]{subsection.2.3.2}{\376\377\000B\000a\000s\000i\000c\000\040\000P\000r\000o\000p\000e\000r\000t\000i\000e\000s}{section.2.3}% 28
\BOOKMARK [2][-]{subsection.2.3.3}{\376\377\000F\000i\000r\000s\000t\000\040\000e\000n\000t\000r\000a\000n\000c\000e\000\040\000t\000i\000m\000e}{section.2.3}% 29
\BOOKMARK [2][-]{subsection.2.3.4}{\376\377\000R\000e\000c\000u\000r\000r\000e\000n\000c\000e\000\040\000a\000n\000d\000\040\000t\000r\000a\000n\000s\000i\000e\000n\000c\000e}{section.2.3}% 30
\BOOKMARK [2][-]{subsection.2.3.5}{\376\377\000I\000n\000v\000a\000r\000i\000a\000n\000t\000\040\000d\000i\000s\000t\000r\000i\000b\000u\000t\000i\000o\000n}{section.2.3}% 31
\BOOKMARK [2][-]{subsection.2.3.6}{\376\377\000C\000o\000n\000v\000e\000r\000g\000e\000n\000c\000e\000\040\000t\000h\000e\000o\000r\000e\000m\000\040\000o\000f\000\040\000M\000a\000r\000k\000o\000v\000\040\000c\000h\000a\000i\000n}{section.2.3}% 32
\BOOKMARK [1][-]{section.2.4}{\376\377\000G\000e\000n\000e\000r\000a\000l\000\040\000T\000h\000e\000o\000r\000y\000\040\000o\000f\000\040\000s\000t\000o\000c\000h\000a\000s\000t\000i\000c\000\040\000p\000r\000o\000c\000e\000s\000s}{chapter.2}% 33
\BOOKMARK [2][-]{subsection.2.4.1}{\376\377\000C\000o\000n\000s\000t\000r\000u\000c\000t\000i\000o\000n\000\040\000o\000f\000\040\000s\000t\000o\000c\000h\000a\000s\000t\000i\000c\000\040\000p\000r\000o\000c\000e\000s\000s}{section.2.4}% 34
\BOOKMARK [2][-]{subsection.2.4.2}{\376\377\000C\000o\000n\000t\000i\000n\000u\000i\000t\000y\000\040\000o\000f\000\040\000s\000t\000o\000c\000h\000a\000s\000t\000i\000c\000\040\000p\000r\000o\000c\000e\000s\000s}{section.2.4}% 35
\BOOKMARK [1][-]{section.2.5}{\376\377\000E\000r\000g\000o\000d\000i\000c\000\040\000T\000h\000e\000o\000r\000e\000m}{chapter.2}% 36
\BOOKMARK [2][-]{subsection.2.5.1}{\376\377\000S\000t\000a\000t\000i\000o\000n\000a\000r\000y\000\040\000a\000n\000d\000\040\000E\000r\000g\000o\000d\000i\000c\000\040\000p\000r\000o\000c\000e\000s\000s}{section.2.5}% 37
\BOOKMARK [2][-]{subsection.2.5.2}{\376\377\000R\000e\000c\000u\000r\000r\000e\000n\000c\000e\000\040\000a\000n\000d\000\040\000t\000r\000a\000n\000s\000i\000e\000n\000c\000e\000\040\000o\000f\000\040\000M\000a\000r\000k\000o\000v\000\040\000c\000h\000a\000i\000n\000s}{section.2.5}% 38
\BOOKMARK [2][-]{subsection.2.5.3}{\376\377\000E\000r\000g\000o\000d\000i\000c\000\040\000t\000h\000e\000o\000r\000e\000m\000s}{section.2.5}% 39
\BOOKMARK [2][-]{subsection.2.5.4}{\376\377\000P\000o\000i\000s\000s\000o\000n\000\040\000p\000r\000o\000c\000e\000s\000s}{section.2.5}% 40
\BOOKMARK [1][-]{section.2.6}{\376\377\000W\000e\000a\000k\000\040\000a\000n\000d\000\040\000f\000u\000n\000c\000t\000i\000o\000n\000a\000l\000\040\000c\000o\000n\000v\000e\000r\000g\000e\000n\000c\000e}{chapter.2}% 41
\BOOKMARK [2][-]{subsection.2.6.1}{\376\377\000F\000u\000n\000d\000a\000m\000e\000n\000t\000a\000l\000\040\000p\000r\000o\000p\000e\000r\000t\000i\000e\000s}{section.2.6}% 42
\BOOKMARK [2][-]{subsection.2.6.2}{\376\377\000T\000i\000g\000h\000t\000n\000e\000s\000s}{section.2.6}% 43
\BOOKMARK [2][-]{subsection.2.6.3}{\376\377\000W\000e\000a\000k\000\040\000c\000o\000n\000v\000e\000r\000g\000e\000n\000c\000e\000\040\000o\000n\000\040\000C\000\050\000[\0000\000,\000\040\000T\000]\000\051\000,\000\040\000C\000\050\000R\000\051}{section.2.6}% 44
\BOOKMARK [1][-]{section.2.7}{\376\377\000I\000n\000v\000a\000r\000i\000a\000n\000t\000\040\000p\000r\000i\000n\000c\000i\000p\000l\000e\000\040\000a\000n\000d\000\040\000t\000h\000e\000\040\000e\000m\000p\000i\000r\000i\000c\000a\000l\000\040\000p\000r\000o\000c\000e\000s\000s}{chapter.2}% 45
\BOOKMARK [2][-]{subsection.2.7.1}{\376\377\000I\000n\000v\000a\000r\000i\000a\000n\000t\000\040\000p\000r\000i\000n\000c\000i\000p\000l\000e\000\040\000a\000n\000d\000\040\000t\000h\000e\000\040\000B\000r\000o\000w\000n\000i\000a\000n\000\040\000m\000o\000t\000i\000o\000n}{section.2.7}% 46
\BOOKMARK [0][-]{chapter.3}{\376\377\000S\000t\000o\000c\000h\000a\000s\000t\000i\000c\000\040\000A\000n\000a\000l\000y\000s\000i\000s}{}% 47
\BOOKMARK [1][-]{section.3.1}{\376\377\000G\000a\000u\000s\000s\000i\000a\000n\000\040\000r\000a\000n\000d\000o\000m\000\040\000v\000a\000r\000i\000a\000b\000l\000e}{chapter.3}% 48
\BOOKMARK [1][-]{section.3.2}{\376\377\000B\000r\000o\000w\000n\000i\000a\000n\000\040\000m\000o\000t\000i\000o\000n}{chapter.3}% 49
\BOOKMARK [2][-]{subsection.3.2.1}{\376\377\000C\000o\000n\000s\000t\000r\000u\000c\000t\000i\000o\000n}{section.3.2}% 50
\BOOKMARK [2][-]{subsection.3.2.2}{\376\377\000T\000h\000e\000\040\000p\000a\000t\000h\000\040\000p\000r\000o\000p\000e\000r\000t\000i\000e\000s}{section.3.2}% 51
\BOOKMARK [2][-]{subsection.3.2.3}{\376\377\000E\000x\000c\000e\000r\000c\000i\000s\000e}{section.3.2}% 52
\BOOKMARK [1][-]{section.3.3}{\376\377\000F\000i\000l\000t\000r\000a\000t\000i\000o\000n\000s\000\040\000a\000n\000d\000\040\000s\000t\000o\000p\000p\000i\000n\000g\000\040\000t\000i\000m\000e}{chapter.3}% 53
\BOOKMARK [1][-]{section.3.4}{\376\377\000M\000a\000r\000t\000i\000n\000g\000a\000l\000e\000\040\000i\000n\000\040\000c\000o\000n\000t\000i\000n\000u\000o\000u\000s\000\040\000t\000i\000m\000e}{chapter.3}% 54
\BOOKMARK [2][-]{subsection.3.4.1}{\376\377\000P\000a\000t\000h\000\040\000r\000e\000g\000u\000l\000a\000r\000i\000t\000y}{section.3.4}% 55
\BOOKMARK [2][-]{subsection.3.4.2}{\376\377\000T\000h\000e\000\040\000s\000t\000o\000p\000p\000i\000n\000g\000\040\000t\000h\000e\000o\000r\000e\000m}{section.3.4}% 56
\BOOKMARK [1][-]{section.3.5}{\376\377\000C\000o\000n\000t\000i\000n\000u\000o\000u\000s\000\040\000s\000e\000m\000a\000r\000t\000i\000n\000g\000a\000l\000e}{chapter.3}% 57
\BOOKMARK [2][-]{subsection.3.5.1}{\376\377\000p\000r\000o\000c\000e\000s\000s\000\040\000o\000f\000\040\000f\000i\000n\000i\000t\000e\000\040\000v\000a\000r\000i\000a\000t\000i\000o\000n}{section.3.5}% 58
\BOOKMARK [2][-]{subsection.3.5.2}{\376\377\000l\000o\000c\000a\000l\000\040\000m\000a\000r\000t\000i\000n\000g\000a\000l\000e\000\040\000a\000n\000d\000\040\000t\000h\000e\000\040\000q\000u\000a\000d\000r\000a\000t\000i\000c\000\040\000v\000a\000r\000i\000a\000t\000i\000o\000n}{section.3.5}% 59
\BOOKMARK [0][-]{chapter.4}{\376\377\000S\000t\000o\000c\000h\000a\000s\000t\000i\000c\000\040\000F\000i\000n\000a\000n\000z\000m\000a\000t\000h\000e}{}% 60
\BOOKMARK [1][-]{section.4.1}{\376\377\000D\000i\000s\000c\000r\000e\000t\000e\000\040\000F\000i\000n\000a\000n\000c\000i\000a\000l\000\040\000M\000o\000d\000e\000l\000l\000i\000n\000g}{chapter.4}% 61
\BOOKMARK [2][-]{subsection.4.1.1}{\376\377\0001\000-\000p\000e\000r\000i\000o\000d\000\040\000F\000i\000n\000a\000n\000c\000i\000a\000l\000\040\000M\000o\000d\000e\000l\000l\000i\000n\000g}{section.4.1}% 62
\BOOKMARK [2][-]{subsection.4.1.2}{\376\377\000M\000u\000l\000t\000i\000-\000P\000e\000r\000i\000o\000d\000\040\000A\000r\000b\000i\000t\000r\000a\000g\000e\000\040\000t\000h\000e\000o\000r\000y}{section.4.1}% 63
\BOOKMARK [1][-]{section.4.2}{\376\377\000T\000i\000m\000e\000-\000c\000o\000n\000t\000i\000n\000u\000o\000u\000s\000\040\000f\000i\000n\000a\000n\000c\000e\000\040\000m\000o\000d\000e\000l\000l\000i\000n\000g}{chapter.4}% 64
\BOOKMARK [2][-]{subsection.4.2.1}{\376\377\000I\000t\000o\000-\000c\000a\000l\000c\000u\000l\000u\000s}{section.4.2}% 65
\BOOKMARK [2][-]{subsection.4.2.2}{\376\377\000P\000e\000r\000f\000e\000c\000t\000\040\000d\000y\000n\000a\000m\000i\000c\000\040\000h\000e\000d\000g\000e\000\040\000w\000i\000t\000h\000\040\000o\000u\000t\000\040\000i\000n\000t\000e\000r\000e\000s\000t}{section.4.2}% 66
\BOOKMARK [0][-]{chapter.5}{\376\377\000I\000n\000t\000e\000r\000e\000s\000t\000\040\000R\000a\000t\000e\000\040\000M\000o\000d\000e\000l\000l\000i\000n\000g}{}% 67
\BOOKMARK [1][-]{section.5.1}{\376\377\000I\000n\000t\000r\000o\000d\000u\000c\000t\000i\000o\000n}{chapter.5}% 68
\BOOKMARK [1][-]{section.5.2}{\376\377\000S\000t\000o\000c\000h\000a\000s\000t\000i\000c\000\040\000b\000a\000s\000i\000c\000s}{chapter.5}% 69
\BOOKMARK [2][-]{subsection.5.2.1}{\376\377\000F\000i\000n\000a\000n\000c\000i\000a\000l\000\040\000M\000a\000r\000k\000e\000t\000\040\000B\000a\000s\000i\000c\000s}{section.5.2}% 70
\BOOKMARK [1][-]{section.5.3}{\376\377\000B\000a\000s\000i\000c\000\040\000F\000i\000x\000e\000d\000\040\000I\000n\000c\000o\000m\000e\000\040\000M\000o\000d\000e\000l\000l\000i\000n\000g}{chapter.5}% 71
\BOOKMARK [1][-]{section.5.4}{\376\377\000Y\000i\000e\000l\000d\000\040\000C\000u\000r\000v\000e\000\040\000a\000n\000d\000\040\000L\000i\000n\000e\000a\000r\000\040\000P\000r\000o\000d\000u\000c\000t}{chapter.5}% 72
\BOOKMARK [2][-]{subsection.5.4.1}{\376\377\000S\000t\000a\000t\000i\000c\000\040\000Y\000i\000e\000l\000d\000\040\000C\000u\000r\000v\000e\000\040\000a\000n\000d\000\040\000M\000a\000r\000k\000e\000t\000\040\000C\000o\000n\000v\000e\000n\000t\000i\000o\000n}{section.5.4}% 73
\BOOKMARK [2][-]{subsection.5.4.2}{\376\377\000M\000u\000l\000t\000i\000-\000C\000u\000r\000v\000e\000\040\000D\000i\000s\000c\000o\000u\000n\000t\000e\000d\000\040\000C\000a\000s\000h\000\040\000F\000l\000o\000w\000\040\000P\000r\000i\000c\000i\000n\000g}{section.5.4}% 74
\BOOKMARK [2][-]{subsection.5.4.3}{\376\377\000T\000h\000e\000\040\000T\000e\000n\000o\000r\000-\000b\000a\000s\000i\000s\000\040\000M\000o\000d\000e\000l\000l\000i\000n\000g}{section.5.4}% 75
\BOOKMARK [2][-]{subsection.5.4.4}{\376\377\000V\000a\000n\000i\000l\000l\000a\000\040\000I\000n\000t\000e\000r\000e\000s\000t\000\040\000M\000o\000d\000e\000l\000s}{section.5.4}% 76
\BOOKMARK [1][-]{section.5.5}{\376\377\000I\000n\000t\000r\000o\000d\000u\000c\000t\000i\000o\000n\000\040\000T\000o\000\040\000R\000i\000s\000k\000\040\000M\000e\000a\000s\000u\000r\000e\000s}{chapter.5}% 77
\BOOKMARK [2][-]{subsection.5.5.1}{\376\377\000C\000o\000n\000v\000e\000x\000\040\000r\000i\000s\000k\000\040\000m\000e\000a\000s\000u\000r\000e\000\040\000o\000n\000\040\000L}{section.5.5}% 78
\BOOKMARK [2][-]{subsection.5.5.2}{\376\377\000V\000@\000R\000,\000\040\000A\000V\000@\000R\000\040\000a\000n\000d\000\040\000s\000h\000o\000r\000t\000f\000a\000l\000l\000\040\000r\000i\000s\000k\000.}{section.5.5}% 79
\BOOKMARK [0][-]{chapter.6}{\376\377\000I\000n\000s\000u\000r\000a\000n\000c\000e\000\040\000M\000a\000t\000h\000e\000m\000a\000t\000i\000c\000s}{}% 80
\BOOKMARK [1][-]{section.6.1}{\376\377\000L\000i\000f\000e\000\040\000I\000n\000s\000u\000r\000a\000n\000c\000e}{chapter.6}% 81
\BOOKMARK [2][-]{subsection.6.1.1}{\376\377\000V\000a\000l\000u\000a\000t\000i\000o\000n\000\040\000M\000e\000t\000h\000o\000d\000s}{section.6.1}% 82
\BOOKMARK [0][-]{chapter.7}{\376\377\000P\000o\000p\000u\000l\000a\000t\000i\000o\000n\000\040\000G\000e\000n\000e\000t\000i\000c\000s\000\040\000a\000n\000d\000\040\000M\000a\000r\000k\000o\000v\000\040\000P\000r\000o\000c\000e\000s\000s}{}% 83
\BOOKMARK [1][-]{section.7.1}{\376\377\000I\000n\000t\000r\000o\000d\000u\000c\000t\000i\000o\000n}{chapter.7}% 84
\BOOKMARK [2][-]{subsection.7.1.1}{\376\377\000T\000h\000e\000\040\000W\000r\000i\000g\000h\000t\000-\000F\000i\000s\000h\000e\000r\000\040\000r\000a\000n\000d\000o\000m\000\040\000g\000r\000a\000p\000h}{section.7.1}% 85
\BOOKMARK [2][-]{subsection.7.1.2}{\376\377\000T\000h\000e\000\040\000s\000c\000a\000l\000i\000n\000g\000\040\000l\000i\000m\000i\000t}{section.7.1}% 86
\BOOKMARK [2][-]{subsection.7.1.3}{\376\377\000W\000r\000i\000g\000h\000t\000-\000F\000i\000s\000h\000e\000r\000\040\000d\000i\000f\000f\000u\000s\000i\000o\000n}{section.7.1}% 87
